TN:
SF:src/template-manager.js
FN:12,(anonymous_0)
FN:41,(anonymous_1)
FN:60,(anonymous_2)
FN:81,(anonymous_3)
FN:104,(anonymous_4)
FNF:5
FNH:1
FNDA:4,(anonymous_0)
FNDA:0,(anonymous_1)
FNDA:0,(anonymous_2)
FNDA:0,(anonymous_3)
FNDA:0,(anonymous_4)
DA:13,4
DA:15,4
DA:18,0
DA:21,0
DA:24,0
DA:27,0
DA:30,0
DA:32,4
DA:42,0
DA:49,0
DA:50,0
DA:61,0
DA:62,0
DA:64,0
DA:65,0
DA:66,0
DA:67,0
DA:68,0
DA:71,0
DA:82,0
DA:83,0
DA:85,0
DA:92,0
DA:105,0
DA:106,0
DA:109,0
DA:110,0
DA:111,0
LF:28
LH:3
BRDA:65,0,0,0
BRDA:65,0,1,0
BRDA:109,1,0,0
BRDA:109,1,1,0
BRDA:109,2,0,0
BRDA:109,2,1,0
BRF:6
BRH:0
end_of_record
TN:
SF:src/utils.js
FN:14,getToolVersion
FN:32,copyDir
FN:59,parseVersion
FN:71,checkVersion
FN:89,getTemplatePath
FN:98,loadConfig
FN:119,saveConfig
FNF:7
FNH:5
FNDA:2,getToolVersion
FNDA:0,copyDir
FNDA:3,parseVersion
FNDA:3,checkVersion
FNDA:0,getTemplatePath
FNDA:2,loadConfig
FNDA:1,saveConfig
DA:7,2
DA:15,2
DA:16,2
DA:17,0
DA:19,2
DA:20,1
DA:21,1
DA:23,1
DA:33,0
DA:34,0
DA:35,0
DA:37,0
DA:38,0
DA:39,0
DA:40,0
DA:42,0
DA:43,0
DA:45,0
DA:46,0
DA:50,0
DA:60,3
DA:61,3
DA:62,3
DA:72,3
DA:73,3
DA:75,3
DA:76,4
DA:77,4
DA:78,4
DA:79,2
DA:81,0
DA:90,0
DA:99,2
DA:100,2
DA:101,1
DA:102,1
DA:103,0
DA:105,1
DA:107,1
DA:108,0
DA:110,1
DA:120,1
DA:121,1
DA:122,1
DA:124,0
LF:45
LH:27
BRDA:16,0,0,0
BRDA:16,0,1,2
BRDA:42,1,0,0
BRDA:42,1,1,0
BRDA:61,2,0,0
BRDA:61,2,1,3
BRDA:62,3,0,1
BRDA:62,3,1,2
BRDA:76,4,0,4
BRDA:76,4,1,0
BRDA:77,5,0,4
BRDA:77,5,1,1
BRDA:78,6,0,2
BRDA:78,6,1,2
BRDA:79,7,0,1
BRDA:79,7,1,1
BRDA:102,8,0,0
BRDA:102,8,1,1
BRDA:102,9,0,1
BRDA:102,9,1,1
BRDA:107,10,0,0
BRDA:107,10,1,1
BRF:22
BRH:15
end_of_record
